Build started 10/24/2010 11:00:29 PM.
     1>Project "C:\Users\RJhansiR\Develop\OpenModelica\OMNotebook\Sketch1\Sketch\Sketch\Sketch.vcxproj" on node 2 (build target(s)).
     1>InitializeBuildStatus:
         Creating "Debug\Sketch.unsuccessfulbuild" because "AlwaysCreate" was specified.
       ClCompile:
         c:\Program Files\Microsoft Visual Studio 10.0\VC\bin\CL.exe /c /IC:\Users\RJhansiR\Develop\OpenModelicaLibs\coin3d\include /I"C:\Users\RJhansiR\Develop\OpenModelicaLibs\qt-everywhere-opensource-src-4.7.0-beta2\\mkspecs\win32-msvc2010" /I"C:\Users\RJhansiR\Develop\OpenModelicaLibs\qt-everywhere-opensource-src-4.7.0-beta2\\include\QTCore" /I"C:\Users\RJhansiR\Develop\OpenModelicaLibs\qt-everywhere-opensource-src-4.7.0-beta2\\include\QTGui" /I"C:\Users\RJhansiR\Develop\OpenModelicaLibs\qt-everywhere-opensource-src-4.7.0-beta2\\include" /Ic:/OMDev\include /I"c:/OMDev\include\mico-win32-msvc" /IC:\Users\RJhansiR\Develop\OpenModelica\OMNotebook\OMNotebookQT4 /Zi /nologo /W3 /WX- /Od /Oy- /D WIN32 /D _DEBUG /D _CONSOLE /D QT_DEBUG /D SOQT_DLL /D COIN_DLL /D UNICODE /D QT_LARGEFILE_SUPPORT /D _UNICODE /D UNICODE /Gm /EHsc /RTC1 /MDd /GS /fp:precise /Zc:wchar_t /Zc:forScope /Fo"Debug\\" /Fd"Debug\vc100.pdb" /Gd /TP /analyze- /errorReport:prompt Tools.cpp
         Tools.cpp
     1>Tools.cpp(61): warning C4101: 'ok' : unreferenced local variable
     1>Tools.cpp(338): warning C4101: 'rgb' : unreferenced local variable
       Lib:
         c:\Program Files\Microsoft Visual Studio 10.0\VC\bin\Lib.exe /OUT:"C:\Users\RJhansiR\Develop\OpenModelica\OMNotebook\OMNotebookQT4\Debug\Sketch.lib" /NOLOGO Debug\Draw_Arc.obj
         Debug\Draw_ellep.obj
         Debug\Draw_line.obj
         Debug\Draw_polygon.obj
         Debug\Draw_rect.obj
         Debug\Draw_RoundRect.obj
         Debug\Graph_Scene.obj
         Debug\moc_Graph_Scene.obj
         Debug\moc_Tools.obj
         Debug\Scene_Objects.obj
         Debug\Tools.obj
         Sketch.vcxproj -> C:\Users\RJhansiR\Develop\OpenModelica\OMNotebook\OMNotebookQT4\Debug\Sketch.lib
       FinalizeBuildStatus:
         Deleting file "Debug\Sketch.unsuccessfulbuild".
         Touching "Debug\Sketch.lastbuildstate".
     1>Done Building Project "C:\Users\RJhansiR\Develop\OpenModelica\OMNotebook\Sketch1\Sketch\Sketch\Sketch.vcxproj" (build target(s)).

Build succeeded.

Time Elapsed 00:00:10.88
