Build started 12/18/2011 10:05:05 PM.
     1>Project "D:\Thesis\OMNotebook\OMSketch\OMSketch.vcxproj" on node 3 (build target(s)).
     1>InitializeBuildStatus:
         Touching "Release\OMSketch.unsuccessfulbuild".
       ClCompile:
         D:\Microsoft Visual Studio 10.0\VC\bin\CL.exe /c /ID:\OpenModelicaLibs\coin3d\include /I"D:\OpenModelicaLibs\qt-everywhere-opensource-src-4.7.0-beta2\include\QtGui" /I"D:\OpenModelicaLibs\qt-everywhere-opensource-src-4.7.0-beta2\include\QtCore" /I"D:\OpenModelicaLibs\qt-everywhere-opensource-src-4.7.0-beta2\include" /ID:\Thesis\OMNotebook\OMSketch\ /I..\OMNotebookQT4 /Zi /nologo /W3 /WX- /O2 /Oi /Oy- /GL /D WIN32 /D NDEBUG /D _CONSOLE /D _UNICODE /D UNICODE /Gm- /EHsc /MD /GS /Gy /fp:precise /Zc:wchar_t /Zc:forScope /Fo"Release\\" /Fd"Release\vc100.pdb" /Gd /TP /analyze- /errorReport:prompt Tools.cpp
         Tools.cpp
     1>Tools.cpp(870): warning C4101: 'ok' : unreferenced local variable
     1>Tools.cpp(1138): warning C4101: 'ok' : unreferenced local variable
       Lib:
         D:\Microsoft Visual Studio 10.0\VC\bin\Lib.exe /OUT:"D:\Thesis\OMNotebook\OMNotebookQT4\Release\OMSketch.lib" /NOLOGO /LTCG Release\CustomDailog.obj
         Release\Draw_Arc.obj
         Release\Draw_Arrow.obj
         Release\Draw_Ellipse.obj
         Release\Draw_Line.obj
         Release\Draw_LineArrow.obj
         Release\Draw_Polygon.obj
         Release\Draw_Rectangle.obj
         Release\Draw_RoundRect.obj
         Release\Draw_Text.obj
         Release\Draw_Triangle.obj
         Release\Graph_Scene.obj
         Release\mainwindow.obj
         Release\moc_CustomDialog.obj
         Release\moc_Graph_Scene.obj
         Release\moc_mainwindow.obj
         Release\moc_Tools.obj
         Release\Scene_Objects.obj
         Release\Shapes.obj
         Release\Sketch_Files.obj
         Release\Tools.obj
         OMSketch.vcxproj -> D:\Thesis\OMNotebook\OMNotebookQT4\Release\OMSketch.lib
       FinalizeBuildStatus:
         Deleting file "Release\OMSketch.unsuccessfulbuild".
         Touching "Release\OMSketch.lastbuildstate".
     1>Done Building Project "D:\Thesis\OMNotebook\OMSketch\OMSketch.vcxproj" (build target(s)).

Build succeeded.

Time Elapsed 00:00:18.08
